<?xml version="1.0" encoding="UTF-8"?>
<!-- Generated by org.testng.reporters.JUnitReportReporter -->
<testsuite hostname="Lenovo" failures="0" tests="2" name="Qapractice.CucumberAdvance.calTest" time="4.406" errors="0" timestamp="30 Aug 2018 11:28:40 GMT" skipped="0">
  <testcase classname="Qapractice.CucumberAdvance.calTest" name="feature" time="3.759"/>
  <testcase classname="Qapractice.CucumberAdvance.calTest" name="addNumber" time="0.647"/>
</testsuite> <!-- Qapractice.CucumberAdvance.calTest -->
